<?xml version="1.0" encoding="UTF-8"?>
<!-- Generated by org.testng.reporters.JUnitReportReporter -->
<testsuite skipped="0" hostname="DESKTOP-26OGCN3" name="driver.DriverScript" tests="1" failures="0" timestamp="2020-08-02T19:15:44 IST" time="128.612" errors="0">
  <testcase name="executeTestScripts" time="128.612" classname="driver.DriverScript"/>
  <system-out/>
</testsuite> <!-- driver.DriverScript -->
